GROUP,PACKAGE,CLASS,INSTRUCTION_MISSED,INSTRUCTION_COVERED,BRANCH_MISSED,BRANCH_COVERED,LINE_MISSED,LINE_COVERED,COMPLEXITY_MISSED,COMPLEXITY_COVERED,METHOD_MISSED,METHOD_COVERED
calculadora,es.iespuertodelacruz.javier.api,Operacion,50,0,0,0,18,0,10,0,10,0
calculadora,es.iespuertodelacruz.javier.vista,App,10,0,2,0,4,0,3,0,2,0
calculadora,es.iespuertodelacruz.javier.modelo,OperacionModelo,3,0,0,0,1,0,1,0,1,0
calculadora,es.iespuertodelacruz.javier.controlador,OperacionController,129,0,14,0,34,0,14,0,7,0
calculadora,es.iespuertodelacruz.javier.exception,OperacionException,4,0,0,0,2,0,1,0,1,0
