<?xml version="1.0" encoding="UTF-8"?>
<testsuite xmlns:xsi="http://www.w3.org/2001/XMLSchema-instance" xsi:noNamespaceSchemaLocation="https://maven.apache.org/surefire/maven-surefire-plugin/xsd/surefire-test-report-3.0.xsd" version="3.0" name="es.iespuertodelacruz.javier.GestionFloristeriaTest" time="0.178" tests="9" errors="0" skipped="0" failures="0">
  <properties>
[...]
</properties>
  <testcase name="numeroArticuloTest" classname="es.iespuertodelacruz.javier.GestionFloristeriaTest" time="0"/>
  <testcase name="exceptionBuscarPlantaTest" classname="es.iespuertodelacruz.javier.GestionFloristeriaTest" time="0"/>
  <testcase name="exceptionInsertarTest" classname="es.iespuertodelacruz.javier.GestionFloristeriaTest" time="0"/>
  <testcase name="exceptionBuscarTest" classname="es.iespuertodelacruz.javier.GestionFloristeriaTest" time="0"/>
  <testcase name="generarExceptionTest" classname="es.iespuertodelacruz.javier.GestionFloristeriaTest" time="0"/>
  <testcase name="buscarPlantaTest" classname="es.iespuertodelacruz.javier.GestionFloristeriaTest" time="0"/>
  <testcase name="eliminarTest" classname="es.iespuertodelacruz.javier.GestionFloristeriaTest" time="0"/>
  <testcase name="mostrarTest" classname="es.iespuertodelacruz.javier.GestionFloristeriaTest" time="0"/>
  <testcase name="buscarIdTest" classname="es.iespuertodelacruz.javier.GestionFloristeriaTest" time="0.002"/>
</testsuite>