<?xml version="1.0" encoding="UTF-8"?>
<testsuite xmlns:xsi="http://www.w3.org/2001/XMLSchema-instance" xsi:noNamespaceSchemaLocation="https://maven.apache.org/surefire/maven-surefire-plugin/xsd/surefire-test-report-3.0.xsd" version="3.0" name="GestionTest" time="0.074" tests="9" errors="1" skipped="0" failures="1">
  <properties>
[...]
</properties>
  <testcase name="buscarDestinoTest" classname="GestionTest" time="0.041">
    <failure message="El resultado no es el esperado, se esperaba Madrid ==&gt; expected: &lt;true&gt; but was: &lt;false&gt;" type="org.opentest4j.AssertionFailedError"><![CDATA[org.opentest4j.AssertionFailedError: El resultado no es el esperado, se esperaba Madrid ==> expected: <true> but was: <false>
	at GestionTest.buscarDestinoTest(GestionTest.java:88)
]]></failure>
  </testcase>
  <testcase name="existeCiudadTest" classname="GestionTest" time="0"/>
  <testcase name="noExisteCiudadTest" classname="GestionTest" time="0.001"/>
  <testcase name="errorTest" classname="GestionTest" time="0.002"/>
  <testcase name="existePasajeroTest" classname="GestionTest" time="0"/>
  <testcase name="listarTest" classname="GestionTest" time="0.01"/>
  <testcase name="noExistePasajeroTest" classname="GestionTest" time="0.001"/>
  <testcase name="dniTest" classname="GestionTest" time="0.001"/>
  <testcase name="cantidadTest" classname="GestionTest" time="0.001">
    <error type="java.lang.NullPointerException">java.lang.NullPointerException
	at GestionTest.cantidadTest(GestionTest.java:95)
</error>
  </testcase>
</testsuite>