GROUP,PACKAGE,CLASS,INSTRUCTION_MISSED,INSTRUCTION_COVERED,BRANCH_MISSED,BRANCH_COVERED,LINE_MISSED,LINE_COVERED,COMPLEXITY_MISSED,COMPLEXITY_COVERED,METHOD_MISSED,METHOD_COVERED
simulacro,es.iespuertodelacruz.javier.elementos,Fichero,0,6,0,0,0,2,0,2,0,2
simulacro,es.iespuertodelacruz.javier.elementos,LecturaFichero,15,46,2,4,5,15,2,3,0,2
simulacro,es.iespuertodelacruz.javier.elementos,EscrituraFichero,14,85,1,3,4,16,1,5,0,4
simulacro,es.iespuertodelacruz.javier.exceptions,FicheroException,9,0,0,0,4,0,2,0,2,0
