<?xml version="1.0" encoding="UTF-8"?>
<testsuite xmlns:xsi="http://www.w3.org/2001/XMLSchema-instance" xsi:noNamespaceSchemaLocation="https://maven.apache.org/surefire/maven-surefire-plugin/xsd/surefire-test-report-3.0.xsd" version="3.0" name="es.iespuertodelacruz.javier.EjercicioArraysTest" time="0.399" tests="13" errors="0" skipped="0" failures="0">
  <properties>
[...]
</properties>
  <testcase name="insertarNuevaCalificacionPosicionCuatroTest" classname="es.iespuertodelacruz.javier.EjercicioArraysTest" time="0.189"/>
  <testcase name="indiceMaximoTest" classname="es.iespuertodelacruz.javier.EjercicioArraysTest" time="0"/>
  <testcase name="resumenAprobadosTest" classname="es.iespuertodelacruz.javier.EjercicioArraysTest" time="0"/>
  <testcase name="comprobarGenerarAleatoriosTest" classname="es.iespuertodelacruz.javier.EjercicioArraysTest" time="0"/>
  <testcase name="estadisticasTest" classname="es.iespuertodelacruz.javier.EjercicioArraysTest" time="0.039"/>
  <testcase name="resumenSuspendidosTest" classname="es.iespuertodelacruz.javier.EjercicioArraysTest" time="0"/>
  <testcase name="mainTest" classname="es.iespuertodelacruz.javier.EjercicioArraysTest" time="0.104"/>
  <testcase name="listaClaseTest" classname="es.iespuertodelacruz.javier.EjercicioArraysTest" time="0"/>
  <testcase name="listarAprobadosTest" classname="es.iespuertodelacruz.javier.EjercicioArraysTest" time="0.008"/>
  <testcase name="vectoresTest" classname="es.iespuertodelacruz.javier.EjercicioArraysTest" time="0"/>
  <testcase name="crearNotasPracticasTest" classname="es.iespuertodelacruz.javier.EjercicioArraysTest" time="0"/>
  <testcase name="indiceMinimoTest" classname="es.iespuertodelacruz.javier.EjercicioArraysTest" time="0"/>
  <testcase name="listarSuspendidosTest" classname="es.iespuertodelacruz.javier.EjercicioArraysTest" time="0.006"/>
</testsuite>