-------------------------------------------------------------------------------
Test set: es.iespuertolacruz.jpexposito.elementos.ListaTest
-------------------------------------------------------------------------------
Tests run: 3, Failures: 1, Errors: 0, Skipped: 0, Time elapsed: 0.033 s <<< FAILURE! - in es.iespuertolacruz.jpexposito.elementos.ListaTest
eliminarTest  Time elapsed: 0.01 s  <<< FAILURE!
org.opentest4j.AssertionFailedError: El numero de elementos es incorrectos, se esperaba 0 ==> expected: <true> but was: <false>
	at es.iespuertolacruz.jpexposito.elementos.ListaTest.eliminarTest(ListaTest.java:53)

